{"name":"Обновление загруженного файла","status":"failed","statusDetails":{"known":false,"muted":false,"flaky":false,"message":"1 expectation failed.\nExpected header \"Access-Control-Allow-Credentials\" was not \"true\", was \"null\". Headers are:\nConnection=close\nContent-Length=336\nAccess-Control-Allow-Headers=Authorization, Content-Type, Accept, X-Mashape-Authorization, IMGURPLATFORM, IMGURUIDJAFO, SESSIONCOUNT, IMGURMWBETA, IMGURMWBETAOPTIN\nAccess-Control-Allow-Methods=GET, PUT, POST, DELETE, OPTIONS\nAccess-Control-Allow-Origin=*\nAccess-Control-Expose-Headers=X-RateLimit-ClientLimit, X-RateLimit-ClientRemaining, X-RateLimit-UserLimit, X-RateLimit-UserRemaining, X-RateLimit-UserReset, Geo-City, Geo-Region, Geo-Metro-Code, Geo-Country-Code\nCache-Control=no-store, no-cache, must-revalidate, post-check=0, pre-check=0\nContent-Encoding=gzip\nContent-Type=application/json\nDate=Mon, 22 Feb 2021 06:13:32 GMT\nETag=W/\"8921bdb4b90639126b484e3fd97e419ea43b71c6\"\nExpires=Thu, 19 Nov 1981 08:52:00 GMT\nPragma=no-cache\nServer=nginx\nSet-Cookie=IMGURSESSION=9b7e949b35b442057d5abd16405844aa; path=/; domain=.imgur.com; secure; HttpOnly\nSet-Cookie=_nc=1; path=/; domain=.imgur.com; HttpOnly\nVary=Accept-Encoding\nX-origin-ip=172.16.1.193\nX-Post-Rate-Limit-Limit=1250\nX-Post-Rate-Limit-Remaining=1246\nX-Post-Rate-Limit-Reset=2783\nX-RateLimit-ClientLimit=12500\nX-RateLimit-ClientRemaining=12486\nX-RateLimit-UserLimit=2000\nX-RateLimit-UserRemaining=1985\nX-RateLimit-UserReset=1613976527\n","trace":"java.lang.AssertionError: 1 expectation failed.\nExpected header \"Access-Control-Allow-Credentials\" was not \"true\", was \"null\". Headers are:\nConnection=close\nContent-Length=336\nAccess-Control-Allow-Headers=Authorization, Content-Type, Accept, X-Mashape-Authorization, IMGURPLATFORM, IMGURUIDJAFO, SESSIONCOUNT, IMGURMWBETA, IMGURMWBETAOPTIN\nAccess-Control-Allow-Methods=GET, PUT, POST, DELETE, OPTIONS\nAccess-Control-Allow-Origin=*\nAccess-Control-Expose-Headers=X-RateLimit-ClientLimit, X-RateLimit-ClientRemaining, X-RateLimit-UserLimit, X-RateLimit-UserRemaining, X-RateLimit-UserReset, Geo-City, Geo-Region, Geo-Metro-Code, Geo-Country-Code\nCache-Control=no-store, no-cache, must-revalidate, post-check=0, pre-check=0\nContent-Encoding=gzip\nContent-Type=application/json\nDate=Mon, 22 Feb 2021 06:13:32 GMT\nETag=W/\"8921bdb4b90639126b484e3fd97e419ea43b71c6\"\nExpires=Thu, 19 Nov 1981 08:52:00 GMT\nPragma=no-cache\nServer=nginx\nSet-Cookie=IMGURSESSION=9b7e949b35b442057d5abd16405844aa; path=/; domain=.imgur.com; secure; HttpOnly\nSet-Cookie=_nc=1; path=/; domain=.imgur.com; HttpOnly\nVary=Accept-Encoding\nX-origin-ip=172.16.1.193\nX-Post-Rate-Limit-Limit=1250\nX-Post-Rate-Limit-Remaining=1246\nX-Post-Rate-Limit-Reset=2783\nX-RateLimit-ClientLimit=12500\nX-RateLimit-ClientRemaining=12486\nX-RateLimit-UserLimit=2000\nX-RateLimit-UserRemaining=1985\nX-RateLimit-UserReset=1613976527\n\n\tat java.base/jdk.internal.reflect.NativeConstructorAccessorImpl.newInstance0(Native Method)\n\tat java.base/jdk.internal.reflect.NativeConstructorAccessorImpl.newInstance(NativeConstructorAccessorImpl.java:64)\n\tat java.base/jdk.internal.reflect.DelegatingConstructorAccessorImpl.newInstance(DelegatingConstructorAccessorImpl.java:45)\n\tat java.base/java.lang.reflect.Constructor.newInstanceWithCaller(Constructor.java:500)\n\tat java.base/java.lang.reflect.Constructor.newInstance(Constructor.java:481)\n\tat org.codehaus.groovy.reflection.CachedConstructor.invoke(CachedConstructor.java:72)\n\tat org.codehaus.groovy.reflection.CachedConstructor.doConstructorInvoke(CachedConstructor.java:59)\n\tat org.codehaus.groovy.runtime.callsite.ConstructorSite$ConstructorSiteNoUnwrap.callConstructor(ConstructorSite.java:84)\n\tat org.codehaus.groovy.runtime.callsite.CallSiteArray.defaultCallConstructor(CallSiteArray.java:59)\n\tat org.codehaus.groovy.runtime.callsite.AbstractCallSite.callConstructor(AbstractCallSite.java:263)\n\tat org.codehaus.groovy.runtime.callsite.AbstractCallSite.callConstructor(AbstractCallSite.java:277)\n\tat io.restassured.internal.ResponseSpecificationImpl$HamcrestAssertionClosure.validate(ResponseSpecificationImpl.groovy:493)\n\tat io.restassured.internal.ResponseSpecificationImpl$HamcrestAssertionClosure$validate$1.call(Unknown Source)\n\tat org.codehaus.groovy.runtime.callsite.CallSiteArray.defaultCall(CallSiteArray.java:47)\n\tat org.codehaus.groovy.runtime.callsite.AbstractCallSite.call(AbstractCallSite.java:125)\n\tat org.codehaus.groovy.runtime.callsite.AbstractCallSite.call(AbstractCallSite.java:139)\n\tat io.restassured.internal.ResponseSpecificationImpl.validate(ResponseSpecificationImpl.groovy:92)\n\tat io.restassured.internal.ValidatableResponseOptionsImpl.spec(ValidatableResponseOptionsImpl.java:288)\n\tat io.restassured.internal.ValidatableResponseImpl.super$2$spec(ValidatableResponseImpl.groovy)\n\tat java.base/jdk.internal.reflect.NativeMethodAccessorImpl.invoke0(Native Method)\n\tat java.base/jdk.internal.reflect.NativeMethodAccessorImpl.invoke(NativeMethodAccessorImpl.java:64)\n\tat java.base/jdk.internal.reflect.DelegatingMethodAccessorImpl.invoke(DelegatingMethodAccessorImpl.java:43)\n\tat java.base/java.lang.reflect.Method.invoke(Method.java:564)\n\tat org.codehaus.groovy.reflection.CachedMethod.invoke(CachedMethod.java:107)\n\tat groovy.lang.MetaMethod.doMethodInvoke(MetaMethod.java:323)\n\tat groovy.lang.MetaClassImpl.invokeMethod(MetaClassImpl.java:1268)\n\tat org.codehaus.groovy.runtime.ScriptBytecodeAdapter.invokeMethodOnSuperN(ScriptBytecodeAdapter.java:144)\n\tat io.restassured.internal.ValidatableResponseImpl.spec(ValidatableResponseImpl.groovy:76)\n\tat io.restassured.internal.ValidatableResponseImpl.spec(ValidatableResponseImpl.groovy)\n\tat backend_test_lesson_4.UpdateImageTests.setUp(UpdateImageTests.java:23)\n\tat java.base/jdk.internal.reflect.NativeMethodAccessorImpl.invoke0(Native Method)\n\tat java.base/jdk.internal.reflect.NativeMethodAccessorImpl.invoke(NativeMethodAccessorImpl.java:64)\n\tat java.base/jdk.internal.reflect.DelegatingMethodAccessorImpl.invoke(DelegatingMethodAccessorImpl.java:43)\n\tat java.base/java.lang.reflect.Method.invoke(Method.java:564)\n\tat org.junit.platform.commons.util.ReflectionUtils.invokeMethod(ReflectionUtils.java:688)\n\tat org.junit.jupiter.engine.execution.MethodInvocation.proceed(MethodInvocation.java:60)\n\tat org.junit.jupiter.engine.execution.InvocationInterceptorChain$ValidatingInvocation.proceed(InvocationInterceptorChain.java:131)\n\tat org.junit.jupiter.engine.extension.TimeoutExtension.intercept(TimeoutExtension.java:149)\n\tat org.junit.jupiter.engine.extension.TimeoutExtension.interceptLifecycleMethod(TimeoutExtension.java:126)\n\tat org.junit.jupiter.engine.extension.TimeoutExtension.interceptBeforeEachMethod(TimeoutExtension.java:76)\n\tat org.junit.jupiter.engine.execution.ExecutableInvoker$ReflectiveInterceptorCall.lambda$ofVoidMethod$0(ExecutableInvoker.java:115)\n\tat org.junit.jupiter.engine.execution.ExecutableInvoker.lambda$invoke$0(ExecutableInvoker.java:105)\n\tat org.junit.jupiter.engine.execution.InvocationInterceptorChain$InterceptedInvocation.proceed(InvocationInterceptorChain.java:106)\n\tat org.junit.jupiter.engine.execution.InvocationInterceptorChain.proceed(InvocationInterceptorChain.java:64)\n\tat org.junit.jupiter.engine.execution.InvocationInterceptorChain.chainAndInvoke(InvocationInterceptorChain.java:45)\n\tat org.junit.jupiter.engine.execution.InvocationInterceptorChain.invoke(InvocationInterceptorChain.java:37)\n\tat org.junit.jupiter.engine.execution.ExecutableInvoker.invoke(ExecutableInvoker.java:104)\n\tat org.junit.jupiter.engine.execution.ExecutableInvoker.invoke(ExecutableInvoker.java:98)\n\tat org.junit.jupiter.engine.descriptor.ClassBasedTestDescriptor.invokeMethodInExtensionContext(ClassBasedTestDescriptor.java:490)\n\tat org.junit.jupiter.engine.descriptor.ClassBasedTestDescriptor.lambda$synthesizeBeforeEachMethodAdapter$19(ClassBasedTestDescriptor.java:475)\n\tat org.junit.jupiter.engine.descriptor.TestMethodTestDescriptor.lambda$invokeBeforeEachMethods$2(TestMethodTestDescriptor.java:167)\n\tat org.junit.jupiter.engine.descriptor.TestMethodTestDescriptor.lambda$invokeBeforeMethodsOrCallbacksUntilExceptionOccurs$5(TestMethodTestDescriptor.java:195)\n\tat org.junit.platform.engine.support.hierarchical.ThrowableCollector.execute(ThrowableCollector.java:73)\n\tat org.junit.jupiter.engine.descriptor.TestMethodTestDescriptor.invokeBeforeMethodsOrCallbacksUntilExceptionOccurs(TestMethodTestDescriptor.java:195)\n\tat org.junit.jupiter.engine.descriptor.TestMethodTestDescriptor.invokeBeforeEachMethods(TestMethodTestDescriptor.java:164)\n\tat org.junit.jupiter.engine.descriptor.TestMethodTestDescriptor.execute(TestMethodTestDescriptor.java:127)\n\tat org.junit.jupiter.engine.descriptor.TestMethodTestDescriptor.execute(TestMethodTestDescriptor.java:65)\n\tat org.junit.platform.engine.support.hierarchical.NodeTestTask.lambda$executeRecursively$5(NodeTestTask.java:139)\n\tat org.junit.platform.engine.support.hierarchical.ThrowableCollector.execute(ThrowableCollector.java:73)\n\tat org.junit.platform.engine.support.hierarchical.NodeTestTask.lambda$executeRecursively$7(NodeTestTask.java:129)\n\tat org.junit.platform.engine.support.hierarchical.Node.around(Node.java:137)\n\tat org.junit.platform.engine.support.hierarchical.NodeTestTask.lambda$executeRecursively$8(NodeTestTask.java:127)\n\tat org.junit.platform.engine.support.hierarchical.ThrowableCollector.execute(ThrowableCollector.java:73)\n\tat org.junit.platform.engine.support.hierarchical.NodeTestTask.executeRecursively(NodeTestTask.java:126)\n\tat org.junit.platform.engine.support.hierarchical.NodeTestTask.execute(NodeTestTask.java:84)\n\tat java.base/java.util.ArrayList.forEach(ArrayList.java:1511)\n\tat org.junit.platform.engine.support.hierarchical.SameThreadHierarchicalTestExecutorService.invokeAll(SameThreadHierarchicalTestExecutorService.java:38)\n\tat org.junit.platform.engine.support.hierarchical.NodeTestTask.lambda$executeRecursively$5(NodeTestTask.java:143)\n\tat org.junit.platform.engine.support.hierarchical.ThrowableCollector.execute(ThrowableCollector.java:73)\n\tat org.junit.platform.engine.support.hierarchical.NodeTestTask.lambda$executeRecursively$7(NodeTestTask.java:129)\n\tat org.junit.platform.engine.support.hierarchical.Node.around(Node.java:137)\n\tat org.junit.platform.engine.support.hierarchical.NodeTestTask.lambda$executeRecursively$8(NodeTestTask.java:127)\n\tat org.junit.platform.engine.support.hierarchical.ThrowableCollector.execute(ThrowableCollector.java:73)\n\tat org.junit.platform.engine.support.hierarchical.NodeTestTask.executeRecursively(NodeTestTask.java:126)\n\tat org.junit.platform.engine.support.hierarchical.NodeTestTask.execute(NodeTestTask.java:84)\n\tat java.base/java.util.ArrayList.forEach(ArrayList.java:1511)\n\tat org.junit.platform.engine.support.hierarchical.SameThreadHierarchicalTestExecutorService.invokeAll(SameThreadHierarchicalTestExecutorService.java:38)\n\tat org.junit.platform.engine.support.hierarchical.NodeTestTask.lambda$executeRecursively$5(NodeTestTask.java:143)\n\tat org.junit.platform.engine.support.hierarchical.ThrowableCollector.execute(ThrowableCollector.java:73)\n\tat org.junit.platform.engine.support.hierarchical.NodeTestTask.lambda$executeRecursively$7(NodeTestTask.java:129)\n\tat org.junit.platform.engine.support.hierarchical.Node.around(Node.java:137)\n\tat org.junit.platform.engine.support.hierarchical.NodeTestTask.lambda$executeRecursively$8(NodeTestTask.java:127)\n\tat org.junit.platform.engine.support.hierarchical.ThrowableCollector.execute(ThrowableCollector.java:73)\n\tat org.junit.platform.engine.support.hierarchical.NodeTestTask.executeRecursively(NodeTestTask.java:126)\n\tat org.junit.platform.engine.support.hierarchical.NodeTestTask.execute(NodeTestTask.java:84)\n\tat org.junit.platform.engine.support.hierarchical.SameThreadHierarchicalTestExecutorService.submit(SameThreadHierarchicalTestExecutorService.java:32)\n\tat org.junit.platform.engine.support.hierarchical.HierarchicalTestExecutor.execute(HierarchicalTestExecutor.java:57)\n\tat org.junit.platform.engine.support.hierarchical.HierarchicalTestEngine.execute(HierarchicalTestEngine.java:51)\n\tat org.junit.platform.launcher.core.EngineExecutionOrchestrator.execute(EngineExecutionOrchestrator.java:108)\n\tat org.junit.platform.launcher.core.EngineExecutionOrchestrator.execute(EngineExecutionOrchestrator.java:88)\n\tat org.junit.platform.launcher.core.EngineExecutionOrchestrator.lambda$execute$0(EngineExecutionOrchestrator.java:54)\n\tat org.junit.platform.launcher.core.EngineExecutionOrchestrator.withInterceptedStreams(EngineExecutionOrchestrator.java:67)\n\tat org.junit.platform.launcher.core.EngineExecutionOrchestrator.execute(EngineExecutionOrchestrator.java:52)\n\tat org.junit.platform.launcher.core.DefaultLauncher.execute(DefaultLauncher.java:96)\n\tat org.junit.platform.launcher.core.DefaultLauncher.execute(DefaultLauncher.java:84)\n\tat org.eclipse.jdt.internal.junit5.runner.JUnit5TestReference.run(JUnit5TestReference.java:98)\n\tat org.eclipse.jdt.internal.junit.runner.TestExecution.run(TestExecution.java:41)\n\tat org.eclipse.jdt.internal.junit.runner.RemoteTestRunner.runTests(RemoteTestRunner.java:542)\n\tat org.eclipse.jdt.internal.junit.runner.RemoteTestRunner.runTests(RemoteTestRunner.java:770)\n\tat org.eclipse.jdt.internal.junit.runner.RemoteTestRunner.run(RemoteTestRunner.java:464)\n\tat org.eclipse.jdt.internal.junit.runner.RemoteTestRunner.main(RemoteTestRunner.java:210)\n\tSuppressed: java.lang.IllegalArgumentException: Unnamed path parameter cannot be null (path parameter at index 1 is null)\n\t\tat java.base/jdk.internal.reflect.NativeConstructorAccessorImpl.newInstance0(Native Method)\n\t\tat java.base/jdk.internal.reflect.NativeConstructorAccessorImpl.newInstance(NativeConstructorAccessorImpl.java:64)\n\t\tat java.base/jdk.internal.reflect.DelegatingConstructorAccessorImpl.newInstance(DelegatingConstructorAccessorImpl.java:45)\n\t\tat java.base/java.lang.reflect.Constructor.newInstanceWithCaller(Constructor.java:500)\n\t\tat java.base/java.lang.reflect.Constructor.newInstance(Constructor.java:481)\n\t\tat org.codehaus.groovy.reflection.CachedConstructor.invoke(CachedConstructor.java:72)\n\t\tat org.codehaus.groovy.reflection.CachedConstructor.doConstructorInvoke(CachedConstructor.java:59)\n\t\tat org.codehaus.groovy.runtime.callsite.ConstructorSite$ConstructorSiteNoUnwrap.callConstructor(ConstructorSite.java:84)\n\t\tat org.codehaus.groovy.runtime.callsite.CallSiteArray.defaultCallConstructor(CallSiteArray.java:59)\n\t\tat org.codehaus.groovy.runtime.callsite.AbstractCallSite.callConstructor(AbstractCallSite.java:263)\n\t\tat org.codehaus.groovy.runtime.callsite.AbstractCallSite.callConstructor(AbstractCallSite.java:277)\n\t\tat io.restassured.internal.RequestSpecificationImpl.applyPathParamsAndSendRequest(RequestSpecificationImpl.groovy:1612)\n\t\tat java.base/jdk.internal.reflect.NativeMethodAccessorImpl.invoke0(Native Method)\n\t\tat java.base/jdk.internal.reflect.NativeMethodAccessorImpl.invoke(NativeMethodAccessorImpl.java:64)\n\t\tat java.base/jdk.internal.reflect.DelegatingMethodAccessorImpl.invoke(DelegatingMethodAccessorImpl.java:43)\n\t\tat java.base/java.lang.reflect.Method.invoke(Method.java:564)\n\t\tat org.codehaus.groovy.reflection.CachedMethod.invoke(CachedMethod.java:107)\n\t\tat groovy.lang.MetaMethod.doMethodInvoke(MetaMethod.java:323)\n\t\tat groovy.lang.MetaClassImpl.invokeMethod(MetaClassImpl.java:1268)\n\t\tat groovy.lang.MetaClassImpl.invokeMethod(MetaClassImpl.java:1035)\n\t\tat groovy.lang.MetaClassImpl.invokeMethod(MetaClassImpl.java:819)\n\t\tat groovy.lang.GroovyObject.invokeMethod(GroovyObject.java:39)\n\t\tat org.codehaus.groovy.runtime.callsite.PogoInterceptableSite.call(PogoInterceptableSite.java:45)\n\t\tat org.codehaus.groovy.runtime.callsite.PogoInterceptableSite.callCurrent(PogoInterceptableSite.java:55)\n\t\tat org.codehaus.groovy.runtime.callsite.AbstractCallSite.callCurrent(AbstractCallSite.java:203)\n\t\tat io.restassured.internal.RequestSpecificationImpl.applyPathParamsAndSendRequest(RequestSpecificationImpl.groovy:1661)\n\t\tat java.base/jdk.internal.reflect.NativeMethodAccessorImpl.invoke0(Native Method)\n\t\tat java.base/jdk.internal.reflect.NativeMethodAccessorImpl.invoke(NativeMethodAccessorImpl.java:64)\n\t\tat java.base/jdk.internal.reflect.DelegatingMethodAccessorImpl.invoke(DelegatingMethodAccessorImpl.java:43)\n\t\tat java.base/java.lang.reflect.Method.invoke(Method.java:564)\n\t\tat org.codehaus.groovy.reflection.CachedMethod.invoke(CachedMethod.java:107)\n\t\tat groovy.lang.MetaMethod.doMethodInvoke(MetaMethod.java:323)\n\t\tat groovy.lang.MetaClassImpl.invokeMethod(MetaClassImpl.java:1268)\n\t\tat groovy.lang.MetaClassImpl.invokeMethod(MetaClassImpl.java:1035)\n\t\tat groovy.lang.MetaClassImpl.invokeMethod(MetaClassImpl.java:819)\n\t\tat groovy.lang.GroovyObject.invokeMethod(GroovyObject.java:39)\n\t\tat org.codehaus.groovy.runtime.callsite.PogoInterceptableSite.call(PogoInterceptableSite.java:45)\n\t\tat org.codehaus.groovy.runtime.callsite.PogoInterceptableSite.callCurrent(PogoInterceptableSite.java:55)\n\t\tat org.codehaus.groovy.runtime.callsite.CallSiteArray.defaultCallCurrent(CallSiteArray.java:51)\n\t\tat org.codehaus.groovy.runtime.callsite.AbstractCallSite.callCurrent(AbstractCallSite.java:171)\n\t\tat org.codehaus.groovy.runtime.callsite.AbstractCallSite.callCurrent(AbstractCallSite.java:203)\n\t\tat io.restassured.internal.RequestSpecificationImpl.delete(RequestSpecificationImpl.groovy:183)\n\t\tat io.restassured.internal.RequestSpecificationImpl.delete(RequestSpecificationImpl.groovy)\n\t\tat backend_test_lesson_4.UpdateImageTests.tearDown(UpdateImageTests.java:38)\n\t\tat java.base/jdk.internal.reflect.NativeMethodAccessorImpl.invoke0(Native Method)\n\t\tat java.base/jdk.internal.reflect.NativeMethodAccessorImpl.invoke(NativeMethodAccessorImpl.java:64)\n\t\tat java.base/jdk.internal.reflect.DelegatingMethodAccessorImpl.invoke(DelegatingMethodAccessorImpl.java:43)\n\t\tat java.base/java.lang.reflect.Method.invoke(Method.java:564)\n\t\tat org.junit.platform.commons.util.ReflectionUtils.invokeMethod(ReflectionUtils.java:688)\n\t\tat org.junit.jupiter.engine.execution.MethodInvocation.proceed(MethodInvocation.java:60)\n\t\tat org.junit.jupiter.engine.execution.InvocationInterceptorChain$ValidatingInvocation.proceed(InvocationInterceptorChain.java:131)\n\t\tat org.junit.jupiter.engine.extension.TimeoutExtension.intercept(TimeoutExtension.java:149)\n\t\tat org.junit.jupiter.engine.extension.TimeoutExtension.interceptLifecycleMethod(TimeoutExtension.java:126)\n\t\tat org.junit.jupiter.engine.extension.TimeoutExtension.interceptAfterEachMethod(TimeoutExtension.java:108)\n\t\tat org.junit.jupiter.engine.execution.ExecutableInvoker$ReflectiveInterceptorCall.lambda$ofVoidMethod$0(ExecutableInvoker.java:115)\n\t\tat org.junit.jupiter.engine.execution.ExecutableInvoker.lambda$invoke$0(ExecutableInvoker.java:105)\n\t\tat org.junit.jupiter.engine.execution.InvocationInterceptorChain$InterceptedInvocation.proceed(InvocationInterceptorChain.java:106)\n\t\tat org.junit.jupiter.engine.execution.InvocationInterceptorChain.proceed(InvocationInterceptorChain.java:64)\n\t\tat org.junit.jupiter.engine.execution.InvocationInterceptorChain.chainAndInvoke(InvocationInterceptorChain.java:45)\n\t\tat org.junit.jupiter.engine.execution.InvocationInterceptorChain.invoke(InvocationInterceptorChain.java:37)\n\t\tat org.junit.jupiter.engine.execution.ExecutableInvoker.invoke(ExecutableInvoker.java:104)\n\t\tat org.junit.jupiter.engine.execution.ExecutableInvoker.invoke(ExecutableInvoker.java:98)\n\t\tat org.junit.jupiter.engine.descriptor.ClassBasedTestDescriptor.invokeMethodInExtensionContext(ClassBasedTestDescriptor.java:490)\n\t\tat org.junit.jupiter.engine.descriptor.ClassBasedTestDescriptor.lambda$synthesizeAfterEachMethodAdapter$20(ClassBasedTestDescriptor.java:480)\n\t\tat org.junit.jupiter.engine.descriptor.TestMethodTestDescriptor.lambda$invokeAfterEachMethods$9(TestMethodTestDescriptor.java:236)\n\t\tat org.junit.jupiter.engine.descriptor.TestMethodTestDescriptor.lambda$invokeAllAfterMethodsOrCallbacks$12(TestMethodTestDescriptor.java:269)\n\t\tat org.junit.platform.engine.support.hierarchical.ThrowableCollector.execute(ThrowableCollector.java:73)\n\t\tat org.junit.jupiter.engine.descriptor.TestMethodTestDescriptor.lambda$invokeAllAfterMethodsOrCallbacks$13(TestMethodTestDescriptor.java:269)\n\t\tat java.base/java.util.ArrayList.forEach(ArrayList.java:1511)\n\t\tat org.junit.jupiter.engine.descriptor.TestMethodTestDescriptor.invokeAllAfterMethodsOrCallbacks(TestMethodTestDescriptor.java:268)\n\t\tat org.junit.jupiter.engine.descriptor.TestMethodTestDescriptor.invokeAfterEachMethods(TestMethodTestDescriptor.java:234)\n\t\tat org.junit.jupiter.engine.descriptor.TestMethodTestDescriptor.execute(TestMethodTestDescriptor.java:135)\n\t\t... 45 more\n"},"stage":"finished","description":"","steps":[],"attachments":[{"name":"Request","source":"7b5859e9-1003-4f14-911c-67fc4aa6138f-attachment.html","type":"text/html"},{"name":"HTTP/1.1 200 OK","source":"5aca8c58-a50c-4076-8b39-a97f84ad9534-attachment.html","type":"text/html"}],"parameters":[],"start":1613974409579,"stop":1613974413091,"uuid":"942aa6e5-bb7f-4f0d-8d74-b5cc92e8acea","historyId":"75e70c4917ec894ed8da33fe77db3bce","fullName":"backend_test_lesson_4.UpdateImageTests.updateImgTest","labels":[{"name":"host","value":"alekc-System-Product-Name"},{"name":"thread","value":"13350@alekc-System-Product-Name.main(1)"},{"name":"framework","value":"junit-platform"},{"name":"language","value":"java"},{"name":"package","value":"backend_test_lesson_4.UpdateImageTests"},{"name":"testClass","value":"backend_test_lesson_4.UpdateImageTests"},{"name":"testMethod","value":"updateImgTest"},{"name":"suite","value":"backend_test_lesson_4.UpdateImageTests"}],"links":[]}